glancewidget/build/intermediates/manifest_merge_blame_file/debug/processDebugManifest/manifest-merger-blame-debug-report.txt
1<?xml version="1.0" encoding="utf-8"?>
2<manifest xmlns:android="http://schemas.android.com/apk/res/android"
3    package="com.example.edcaster.glancewidget" >
4
5    <uses-sdk android:minSdkVersion="21" />
6
7    <application>
7-->src/main/AndroidManifest.xml:4:5-18:19
8        <receiver
8-->src/main/AndroidManifest.xml:5:9-17:20
9            android:name="com.example.edcaster.glancewidget.EdcasterAppWidgetReceiver"
9-->src/main/AndroidManifest.xml:6:13-87
10            android:enabled="true"
10-->src/main/AndroidManifest.xml:7:13-35
11            android:exported="false"
11-->src/main/AndroidManifest.xml:9:13-37
12            android:label="@string/app_widget_description" >
12-->src/main/AndroidManifest.xml:8:13-59
13            <intent-filter>
13-->src/main/AndroidManifest.xml:10:13-12:29
14                <action android:name="android.appwidget.action.APPWIDGET_UPDATE" />
14-->src/main/AndroidManifest.xml:11:17-84
14-->src/main/AndroidManifest.xml:11:25-81
15            </intent-filter>
16
17            <meta-data
17-->src/main/AndroidManifest.xml:14:13-16:57
18                android:name="android.appwidget.provider"
18-->src/main/AndroidManifest.xml:15:17-58
19                android:resource="@xml/edcaster_info" />
19-->src/main/AndroidManifest.xml:16:17-54
20        </receiver>
21    </application>
22
23</manifest>